Scale Factor = 20, iterations = 10000
Irrotational flow
Running CFD on 640 x 640 grid using GPU offload

Starting main loop...

Completed iteration 1000
Completed iteration 2000
Completed iteration 3000
Completed iteration 4000
Completed iteration 5000
Completed iteration 6000
Completed iteration 7000
Completed iteration 8000
Completed iteration 9000
Completed iteration 10000

... finished
After 10000 iterations, the error is 0.000214858
Time for 10000 iterations was 1.08693 seconds
Each iteration took 0.000108693 seconds


Writing data files ...
... done!

Written gnuplot script 'cfd.plt'
... finished
